TN:
SF:/Users/maqin/test/vue/vui/tests/unit/specs/form.spec.js
FN:2,(anonymous_0)
FN:3,hotDisposeChunk
FN:8,webpackHotUpdateCallback
FN:14,hotDownloadUpdateChunk
FN:23,hotDownloadManifest
FN:25,(anonymous_5)
FN:38,(anonymous_6)
FN:77,hotCreateRequire
FN:80,(anonymous_8)
FN:104,ObjectFactory
FN:108,(anonymous_10)
FN:111,(anonymous_11)
FN:125,(anonymous_12)
FN:128,(anonymous_13)
FN:133,finishChunkLoading
FN:145,(anonymous_15)
FN:153,hotCreateModule
FN:165,(anonymous_17)
FN:170,(anonymous_18)
FN:171,(anonymous_19)
FN:173,(anonymous_20)
FN:180,(anonymous_21)
FN:183,(anonymous_22)
FN:186,(anonymous_23)
FN:194,(anonymous_24)
FN:198,(anonymous_25)
FN:201,(anonymous_26)
FN:216,hotSetStatus
FN:233,toModuleId
FN:238,hotCheck
FN:244,(anonymous_30)
FN:255,(anonymous_31)
FN:280,hotAddUpdateChunk
FN:294,hotEnsureUpdateChunk
FN:304,hotUpdateDownloaded
FN:314,(anonymous_35)
FN:318,(anonymous_36)
FN:321,(anonymous_37)
FN:336,hotApply
FN:347,getAffectedStuff
FN:351,(anonymous_40)
FN:413,addAllToSet
FN:426,warnUnexpectedRequire
FN:541,(anonymous_43)
FN:702,(anonymous_44)
FN:711,__webpack_require__
FN:745,(anonymous_46)
FN:752,(anonymous_47)
FN:764,(anonymous_48)
FN:771,(anonymous_49)
FN:776,(anonymous_50)
FN:778,getDefault
FN:779,getModuleExports
FN:785,(anonymous_53)
FN:791,(anonymous_54)
FN:805,(anonymous_55)
FN:816,(anonymous_56)
FN:827,(anonymous_57)
FN:838,(anonymous_58)
FN:850,(anonymous_59)
FN:862,(anonymous_60)
FN:874,(anonymous_61)
FN:886,(anonymous_62)
FN:898,(anonymous_63)
FN:910,(anonymous_64)
FN:922,(anonymous_65)
FN:934,(anonymous_66)
FN:946,(anonymous_67)
FN:958,(anonymous_68)
FN:970,(anonymous_69)
FN:982,(anonymous_70)
FN:994,(anonymous_71)
FN:1006,(anonymous_72)
FN:1018,(anonymous_73)
FN:1030,(anonymous_74)
FN:1042,(anonymous_75)
FN:1054,(anonymous_76)
FN:1066,(anonymous_77)
FN:1078,(anonymous_78)
FN:1090,(anonymous_79)
FN:1102,(anonymous_80)
FN:1114,(anonymous_81)
FN:1126,(anonymous_82)
FN:1138,(anonymous_83)
FN:1150,(anonymous_84)
FN:1162,(anonymous_85)
FN:1174,(anonymous_86)
FN:1186,(anonymous_87)
FN:1198,(anonymous_88)
FN:1210,(anonymous_89)
FN:1222,(anonymous_90)
FN:1234,(anonymous_91)
FN:1246,(anonymous_92)
FN:1258,(anonymous_93)
FN:1270,(anonymous_94)
FN:1282,(anonymous_95)
FN:1294,(anonymous_96)
FN:1306,(anonymous_97)
FN:1318,(anonymous_98)
FN:1330,(anonymous_99)
FN:1342,(anonymous_100)
FN:1354,(anonymous_101)
FN:1366,(anonymous_102)
FN:1378,(anonymous_103)
FN:1390,(anonymous_104)
FN:1402,(anonymous_105)
FN:1414,(anonymous_106)
FN:1426,(anonymous_107)
FN:1438,(anonymous_108)
FN:1450,(anonymous_109)
FN:1462,(anonymous_110)
FN:1474,(anonymous_111)
FN:1486,(anonymous_112)
FN:1498,(anonymous_113)
FN:1510,(anonymous_114)
FN:1522,(anonymous_115)
FN:1534,(anonymous_116)
FN:1546,(anonymous_117)
FN:1558,(anonymous_118)
FN:1570,(anonymous_119)
FN:1582,(anonymous_120)
FN:1594,(anonymous_121)
FN:1606,(anonymous_122)
FN:1618,(anonymous_123)
FN:1630,(anonymous_124)
FN:1642,(anonymous_125)
FN:1654,(anonymous_126)
FN:1666,(anonymous_127)
FN:1678,(anonymous_128)
FN:1690,(anonymous_129)
FN:1701,(anonymous_130)
FN:1712,(anonymous_131)
FN:1723,(anonymous_132)
FN:1734,(anonymous_133)
FN:1745,(anonymous_134)
FN:1756,(anonymous_135)
FN:1767,(anonymous_136)
FN:1778,(anonymous_137)
FN:1789,(anonymous_138)
FN:1800,(anonymous_139)
FN:1811,(anonymous_140)
FN:1822,(anonymous_141)
FN:1833,(anonymous_142)
FN:1844,(anonymous_143)
FN:1855,(anonymous_144)
FN:1866,(anonymous_145)
FN:1877,(anonymous_146)
FN:1888,(anonymous_147)
FN:1899,(anonymous_148)
FN:1910,(anonymous_149)
FN:1921,(anonymous_150)
FN:1932,(anonymous_151)
FN:1943,(anonymous_152)
FN:1954,(anonymous_153)
FN:1965,(anonymous_154)
FN:1976,(anonymous_155)
FN:1988,(anonymous_156)
FN:2000,(anonymous_157)
FN:2011,(anonymous_158)
FN:2022,(anonymous_159)
FN:2033,(anonymous_160)
FN:2044,(anonymous_161)
FN:2055,(anonymous_162)
FN:2066,(anonymous_163)
FN:2077,(anonymous_164)
FN:2088,(anonymous_165)
FN:2099,(anonymous_166)
FN:2110,(anonymous_167)
FN:2121,(anonymous_168)
FN:2132,(anonymous_169)
FN:2143,(anonymous_170)
FN:2154,(anonymous_171)
FN:2165,(anonymous_172)
FN:2176,(anonymous_173)
FN:2187,(anonymous_174)
FN:2198,(anonymous_175)
FN:2209,(anonymous_176)
FN:2220,(anonymous_177)
FN:2231,(anonymous_178)
FN:2242,(anonymous_179)
FN:2253,(anonymous_180)
FN:2264,(anonymous_181)
FN:2275,(anonymous_182)
FN:2286,(anonymous_183)
FN:2297,(anonymous_184)
FN:2308,(anonymous_185)
FN:2319,(anonymous_186)
FN:2330,(anonymous_187)
FN:2341,(anonymous_188)
FN:2353,(anonymous_189)
FN:2364,(anonymous_190)
FN:2375,(anonymous_191)
FN:2387,(anonymous_192)
FN:2399,(anonymous_193)
FN:2410,(anonymous_194)
FN:2421,(anonymous_195)
FN:2432,(anonymous_196)
FN:2443,(anonymous_197)
FN:2454,(anonymous_198)
FN:2466,(anonymous_199)
FN:2477,(anonymous_200)
FN:2488,(anonymous_201)
FN:2499,(anonymous_202)
FN:2510,(anonymous_203)
FN:2521,(anonymous_204)
FN:2532,(anonymous_205)
FN:2543,(anonymous_206)
FN:2554,(anonymous_207)
FN:2565,(anonymous_208)
FN:2576,(anonymous_209)
FN:2587,(anonymous_210)
FN:2598,(anonymous_211)
FN:2609,(anonymous_212)
FN:2621,(anonymous_213)
FN:2633,(anonymous_214)
FN:2644,(anonymous_215)
FN:2655,(anonymous_216)
FN:2666,(anonymous_217)
FN:2677,(anonymous_218)
FN:2688,(anonymous_219)
FN:2699,(anonymous_220)
FN:2710,(anonymous_221)
FN:2721,(anonymous_222)
FN:2732,(anonymous_223)
FN:2743,(anonymous_224)
FN:2755,(anonymous_225)
FN:2767,(anonymous_226)
FN:2778,(anonymous_227)
FN:2789,(anonymous_228)
FN:2800,(anonymous_229)
FN:2811,(anonymous_230)
FN:2822,(anonymous_231)
FN:2833,(anonymous_232)
FN:2844,(anonymous_233)
FN:2855,(anonymous_234)
FN:2866,(anonymous_235)
FN:2877,(anonymous_236)
FN:2888,(anonymous_237)
FN:2899,(anonymous_238)
FN:2910,(anonymous_239)
FN:2921,(anonymous_240)
FN:2933,(anonymous_241)
FN:2945,(anonymous_242)
FN:2956,(anonymous_243)
FN:2967,(anonymous_244)
FN:2979,(anonymous_245)
FN:2990,(anonymous_246)
FN:3001,(anonymous_247)
FN:3012,(anonymous_248)
FN:3023,(anonymous_249)
FN:3034,(anonymous_250)
FN:3045,(anonymous_251)
FN:3056,(anonymous_252)
FN:3067,(anonymous_253)
FN:3078,(anonymous_254)
FN:3089,(anonymous_255)
FN:3100,(anonymous_256)
FN:3111,(anonymous_257)
FN:3122,(anonymous_258)
FN:3133,(anonymous_259)
FN:3144,(anonymous_260)
FN:3155,(anonymous_261)
FN:3167,(anonymous_262)
FN:3178,(anonymous_263)
FN:3190,(anonymous_264)
FN:3201,(anonymous_265)
FN:3213,(anonymous_266)
FN:3224,(anonymous_267)
FN:3236,(anonymous_268)
FN:3248,(anonymous_269)
FN:3260,(anonymous_270)
FN:3272,(anonymous_271)
FN:3284,(anonymous_272)
FN:3296,(anonymous_273)
FN:3308,(anonymous_274)
FN:3319,(anonymous_275)
FN:3330,(anonymous_276)
FN:3341,(anonymous_277)
FN:3352,(anonymous_278)
FN:3363,(anonymous_279)
FN:3374,(anonymous_280)
FN:3386,(anonymous_281)
FN:3397,(anonymous_282)
FN:3409,(anonymous_283)
FN:3421,(anonymous_284)
FN:3433,(anonymous_285)
FN:3444,(anonymous_286)
FN:3456,(anonymous_287)
FN:3468,(anonymous_288)
FN:3480,(anonymous_289)
FN:3492,(anonymous_290)
FN:3504,(anonymous_291)
FN:3516,(anonymous_292)
FN:3528,(anonymous_293)
FN:3540,(anonymous_294)
FN:3552,(anonymous_295)
FN:3564,(anonymous_296)
FN:3576,(anonymous_297)
FN:3588,(anonymous_298)
FN:3600,(anonymous_299)
FN:3612,(anonymous_300)
FN:3624,(anonymous_301)
FN:3636,(anonymous_302)
FN:3648,(anonymous_303)
FN:3660,(anonymous_304)
FN:3672,(anonymous_305)
FN:3684,(anonymous_306)
FN:3696,(anonymous_307)
FN:3708,(anonymous_308)
FN:3720,(anonymous_309)
FN:3732,(anonymous_310)
FN:3744,(anonymous_311)
FN:3756,(anonymous_312)
FN:3768,(anonymous_313)
FN:3780,(anonymous_314)
FN:3792,(anonymous_315)
FN:3804,(anonymous_316)
FN:3816,(anonymous_317)
FN:3828,(anonymous_318)
FN:3840,(anonymous_319)
FN:3852,(anonymous_320)
FN:3864,(anonymous_321)
FN:3876,(anonymous_322)
FN:3888,(anonymous_323)
FN:3900,(anonymous_324)
FN:3912,(anonymous_325)
FN:3924,(anonymous_326)
FN:3936,(anonymous_327)
FN:3948,(anonymous_328)
FN:3960,(anonymous_329)
FN:3972,(anonymous_330)
FN:3984,(anonymous_331)
FN:3996,(anonymous_332)
FN:4008,(anonymous_333)
FN:4020,(anonymous_334)
FN:4032,(anonymous_335)
FN:4044,(anonymous_336)
FN:4056,(anonymous_337)
FN:4068,(anonymous_338)
FN:4080,(anonymous_339)
FN:4092,(anonymous_340)
FN:4104,(anonymous_341)
FN:4116,(anonymous_342)
FN:4128,(anonymous_343)
FN:4140,(anonymous_344)
FN:4152,(anonymous_345)
FN:4164,(anonymous_346)
FN:4176,(anonymous_347)
FN:4188,(anonymous_348)
FN:4200,(anonymous_349)
FN:4212,(anonymous_350)
FN:4224,(anonymous_351)
FN:4236,(anonymous_352)
FN:4248,(anonymous_353)
FN:4260,(anonymous_354)
FN:4272,(anonymous_355)
FN:4284,(anonymous_356)
FN:4296,(anonymous_357)
FN:4308,(anonymous_358)
FN:4320,(anonymous_359)
FN:4332,(anonymous_360)
FN:4344,(anonymous_361)
FN:4356,(anonymous_362)
FN:4368,(anonymous_363)
FN:4380,(anonymous_364)
FN:4392,(anonymous_365)
FN:4404,(anonymous_366)
FN:4416,(anonymous_367)
FN:4428,(anonymous_368)
FN:4440,(anonymous_369)
FN:4452,(anonymous_370)
FN:4464,(anonymous_371)
FN:4476,(anonymous_372)
FN:4488,(anonymous_373)
FN:4500,(anonymous_374)
FN:4512,(anonymous_375)
FN:4524,(anonymous_376)
FN:4536,(anonymous_377)
FN:4548,(anonymous_378)
FN:4560,(anonymous_379)
FN:4572,(anonymous_380)
FN:4584,(anonymous_381)
FN:4596,(anonymous_382)
FN:4608,(anonymous_383)
FN:4620,(anonymous_384)
FN:4632,(anonymous_385)
FN:4644,(anonymous_386)
FN:4656,(anonymous_387)
FN:4668,(anonymous_388)
FN:4680,(anonymous_389)
FN:4692,(anonymous_390)
FN:4704,(anonymous_391)
FN:4716,(anonymous_392)
FN:4728,(anonymous_393)
FN:4740,(anonymous_394)
FN:4752,(anonymous_395)
FN:4764,(anonymous_396)
FN:4776,(anonymous_397)
FN:4788,(anonymous_398)
FN:4800,(anonymous_399)
FN:4812,(anonymous_400)
FN:4824,(anonymous_401)
FN:4836,(anonymous_402)
FN:4848,(anonymous_403)
FN:4860,(anonymous_404)
FN:4872,(anonymous_405)
FN:4884,(anonymous_406)
FN:4896,(anonymous_407)
FN:4908,(anonymous_408)
FN:4920,(anonymous_409)
FN:4932,(anonymous_410)
FN:4944,(anonymous_411)
FN:4956,(anonymous_412)
FN:4968,(anonymous_413)
FN:4980,(anonymous_414)
FN:4992,(anonymous_415)
FN:5004,(anonymous_416)
FN:5016,(anonymous_417)
FN:5028,(anonymous_418)
FN:5040,(anonymous_419)
FN:5052,(anonymous_420)
FN:5064,(anonymous_421)
FN:5076,(anonymous_422)
FN:5088,(anonymous_423)
FN:5100,(anonymous_424)
FN:5112,(anonymous_425)
FN:5124,(anonymous_426)
FN:5136,(anonymous_427)
FN:5148,(anonymous_428)
FN:5160,(anonymous_429)
FNF:430
FNH:384
FNDA:1,(anonymous_0)
FNDA:0,hotDisposeChunk
FNDA:0,webpackHotUpdateCallback
FNDA:0,hotDownloadUpdateChunk
FNDA:0,hotDownloadManifest
FNDA:0,(anonymous_5)
FNDA:0,(anonymous_6)
FNDA:371,hotCreateRequire
FNDA:755,(anonymous_8)
FNDA:3330,ObjectFactory
FNDA:449,(anonymous_10)
FNDA:0,(anonymous_11)
FNDA:0,(anonymous_12)
FNDA:0,(anonymous_13)
FNDA:0,finishChunkLoading
FNDA:0,(anonymous_15)
FNDA:370,hotCreateModule
FNDA:69,(anonymous_17)
FNDA:0,(anonymous_18)
FNDA:0,(anonymous_19)
FNDA:0,(anonymous_20)
FNDA:1,(anonymous_21)
FNDA:0,(anonymous_22)
FNDA:0,(anonymous_23)
FNDA:0,(anonymous_24)
FNDA:0,(anonymous_25)
FNDA:0,(anonymous_26)
FNDA:0,hotSetStatus
FNDA:0,toModuleId
FNDA:0,hotCheck
FNDA:0,(anonymous_30)
FNDA:0,(anonymous_31)
FNDA:0,hotAddUpdateChunk
FNDA:0,hotEnsureUpdateChunk
FNDA:0,hotUpdateDownloaded
FNDA:0,(anonymous_35)
FNDA:0,(anonymous_36)
FNDA:0,(anonymous_37)
FNDA:0,hotApply
FNDA:0,getAffectedStuff
FNDA:0,(anonymous_40)
FNDA:0,addAllToSet
FNDA:0,warnUnexpectedRequire
FNDA:0,(anonymous_43)
FNDA:0,(anonymous_44)
FNDA:756,__webpack_require__
FNDA:230,(anonymous_46)
FNDA:219,(anonymous_47)
FNDA:0,(anonymous_48)
FNDA:0,(anonymous_49)
FNDA:69,(anonymous_50)
FNDA:0,getDefault
FNDA:1,getModuleExports
FNDA:230,(anonymous_53)
FNDA:0,(anonymous_54)
FNDA:1,(anonymous_55)
FNDA:1,(anonymous_56)
FNDA:1,(anonymous_57)
FNDA:1,(anonymous_58)
FNDA:1,(anonymous_59)
FNDA:1,(anonymous_60)
FNDA:1,(anonymous_61)
FNDA:1,(anonymous_62)
FNDA:1,(anonymous_63)
FNDA:1,(anonymous_64)
FNDA:1,(anonymous_65)
FNDA:1,(anonymous_66)
FNDA:1,(anonymous_67)
FNDA:1,(anonymous_68)
FNDA:1,(anonymous_69)
FNDA:1,(anonymous_70)
FNDA:1,(anonymous_71)
FNDA:1,(anonymous_72)
FNDA:1,(anonymous_73)
FNDA:1,(anonymous_74)
FNDA:1,(anonymous_75)
FNDA:1,(anonymous_76)
FNDA:1,(anonymous_77)
FNDA:1,(anonymous_78)
FNDA:1,(anonymous_79)
FNDA:1,(anonymous_80)
FNDA:1,(anonymous_81)
FNDA:1,(anonymous_82)
FNDA:1,(anonymous_83)
FNDA:1,(anonymous_84)
FNDA:1,(anonymous_85)
FNDA:1,(anonymous_86)
FNDA:1,(anonymous_87)
FNDA:1,(anonymous_88)
FNDA:1,(anonymous_89)
FNDA:1,(anonymous_90)
FNDA:1,(anonymous_91)
FNDA:1,(anonymous_92)
FNDA:1,(anonymous_93)
FNDA:1,(anonymous_94)
FNDA:1,(anonymous_95)
FNDA:1,(anonymous_96)
FNDA:1,(anonymous_97)
FNDA:1,(anonymous_98)
FNDA:1,(anonymous_99)
FNDA:1,(anonymous_100)
FNDA:1,(anonymous_101)
FNDA:1,(anonymous_102)
FNDA:1,(anonymous_103)
FNDA:1,(anonymous_104)
FNDA:1,(anonymous_105)
FNDA:1,(anonymous_106)
FNDA:1,(anonymous_107)
FNDA:1,(anonymous_108)
FNDA:1,(anonymous_109)
FNDA:1,(anonymous_110)
FNDA:1,(anonymous_111)
FNDA:1,(anonymous_112)
FNDA:1,(anonymous_113)
FNDA:1,(anonymous_114)
FNDA:1,(anonymous_115)
FNDA:1,(anonymous_116)
FNDA:1,(anonymous_117)
FNDA:1,(anonymous_118)
FNDA:1,(anonymous_119)
FNDA:1,(anonymous_120)
FNDA:1,(anonymous_121)
FNDA:1,(anonymous_122)
FNDA:1,(anonymous_123)
FNDA:1,(anonymous_124)
FNDA:1,(anonymous_125)
FNDA:1,(anonymous_126)
FNDA:1,(anonymous_127)
FNDA:1,(anonymous_128)
FNDA:1,(anonymous_129)
FNDA:1,(anonymous_130)
FNDA:1,(anonymous_131)
FNDA:1,(anonymous_132)
FNDA:1,(anonymous_133)
FNDA:1,(anonymous_134)
FNDA:1,(anonymous_135)
FNDA:1,(anonymous_136)
FNDA:1,(anonymous_137)
FNDA:1,(anonymous_138)
FNDA:1,(anonymous_139)
FNDA:1,(anonymous_140)
FNDA:1,(anonymous_141)
FNDA:0,(anonymous_142)
FNDA:1,(anonymous_143)
FNDA:1,(anonymous_144)
FNDA:1,(anonymous_145)
FNDA:1,(anonymous_146)
FNDA:1,(anonymous_147)
FNDA:1,(anonymous_148)
FNDA:1,(anonymous_149)
FNDA:0,(anonymous_150)
FNDA:1,(anonymous_151)
FNDA:1,(anonymous_152)
FNDA:1,(anonymous_153)
FNDA:1,(anonymous_154)
FNDA:1,(anonymous_155)
FNDA:1,(anonymous_156)
FNDA:1,(anonymous_157)
FNDA:1,(anonymous_158)
FNDA:1,(anonymous_159)
FNDA:1,(anonymous_160)
FNDA:1,(anonymous_161)
FNDA:1,(anonymous_162)
FNDA:1,(anonymous_163)
FNDA:1,(anonymous_164)
FNDA:1,(anonymous_165)
FNDA:1,(anonymous_166)
FNDA:1,(anonymous_167)
FNDA:1,(anonymous_168)
FNDA:1,(anonymous_169)
FNDA:1,(anonymous_170)
FNDA:1,(anonymous_171)
FNDA:1,(anonymous_172)
FNDA:1,(anonymous_173)
FNDA:1,(anonymous_174)
FNDA:1,(anonymous_175)
FNDA:1,(anonymous_176)
FNDA:1,(anonymous_177)
FNDA:1,(anonymous_178)
FNDA:1,(anonymous_179)
FNDA:1,(anonymous_180)
FNDA:1,(anonymous_181)
FNDA:1,(anonymous_182)
FNDA:1,(anonymous_183)
FNDA:1,(anonymous_184)
FNDA:1,(anonymous_185)
FNDA:1,(anonymous_186)
FNDA:1,(anonymous_187)
FNDA:1,(anonymous_188)
FNDA:1,(anonymous_189)
FNDA:1,(anonymous_190)
FNDA:1,(anonymous_191)
FNDA:1,(anonymous_192)
FNDA:1,(anonymous_193)
FNDA:1,(anonymous_194)
FNDA:1,(anonymous_195)
FNDA:1,(anonymous_196)
FNDA:1,(anonymous_197)
FNDA:1,(anonymous_198)
FNDA:1,(anonymous_199)
FNDA:1,(anonymous_200)
FNDA:1,(anonymous_201)
FNDA:1,(anonymous_202)
FNDA:1,(anonymous_203)
FNDA:1,(anonymous_204)
FNDA:1,(anonymous_205)
FNDA:1,(anonymous_206)
FNDA:0,(anonymous_207)
FNDA:1,(anonymous_208)
FNDA:1,(anonymous_209)
FNDA:1,(anonymous_210)
FNDA:1,(anonymous_211)
FNDA:1,(anonymous_212)
FNDA:1,(anonymous_213)
FNDA:1,(anonymous_214)
FNDA:1,(anonymous_215)
FNDA:1,(anonymous_216)
FNDA:1,(anonymous_217)
FNDA:0,(anonymous_218)
FNDA:1,(anonymous_219)
FNDA:1,(anonymous_220)
FNDA:1,(anonymous_221)
FNDA:1,(anonymous_222)
FNDA:1,(anonymous_223)
FNDA:1,(anonymous_224)
FNDA:1,(anonymous_225)
FNDA:1,(anonymous_226)
FNDA:1,(anonymous_227)
FNDA:1,(anonymous_228)
FNDA:1,(anonymous_229)
FNDA:1,(anonymous_230)
FNDA:1,(anonymous_231)
FNDA:1,(anonymous_232)
FNDA:1,(anonymous_233)
FNDA:1,(anonymous_234)
FNDA:1,(anonymous_235)
FNDA:1,(anonymous_236)
FNDA:1,(anonymous_237)
FNDA:1,(anonymous_238)
FNDA:1,(anonymous_239)
FNDA:1,(anonymous_240)
FNDA:1,(anonymous_241)
FNDA:1,(anonymous_242)
FNDA:1,(anonymous_243)
FNDA:1,(anonymous_244)
FNDA:1,(anonymous_245)
FNDA:1,(anonymous_246)
FNDA:1,(anonymous_247)
FNDA:1,(anonymous_248)
FNDA:1,(anonymous_249)
FNDA:1,(anonymous_250)
FNDA:1,(anonymous_251)
FNDA:1,(anonymous_252)
FNDA:1,(anonymous_253)
FNDA:1,(anonymous_254)
FNDA:1,(anonymous_255)
FNDA:1,(anonymous_256)
FNDA:1,(anonymous_257)
FNDA:1,(anonymous_258)
FNDA:1,(anonymous_259)
FNDA:1,(anonymous_260)
FNDA:1,(anonymous_261)
FNDA:1,(anonymous_262)
FNDA:1,(anonymous_263)
FNDA:1,(anonymous_264)
FNDA:1,(anonymous_265)
FNDA:1,(anonymous_266)
FNDA:1,(anonymous_267)
FNDA:1,(anonymous_268)
FNDA:1,(anonymous_269)
FNDA:1,(anonymous_270)
FNDA:1,(anonymous_271)
FNDA:1,(anonymous_272)
FNDA:1,(anonymous_273)
FNDA:1,(anonymous_274)
FNDA:1,(anonymous_275)
FNDA:1,(anonymous_276)
FNDA:0,(anonymous_277)
FNDA:1,(anonymous_278)
FNDA:1,(anonymous_279)
FNDA:1,(anonymous_280)
FNDA:1,(anonymous_281)
FNDA:1,(anonymous_282)
FNDA:1,(anonymous_283)
FNDA:1,(anonymous_284)
FNDA:1,(anonymous_285)
FNDA:1,(anonymous_286)
FNDA:1,(anonymous_287)
FNDA:1,(anonymous_288)
FNDA:1,(anonymous_289)
FNDA:1,(anonymous_290)
FNDA:1,(anonymous_291)
FNDA:1,(anonymous_292)
FNDA:1,(anonymous_293)
FNDA:1,(anonymous_294)
FNDA:1,(anonymous_295)
FNDA:1,(anonymous_296)
FNDA:1,(anonymous_297)
FNDA:1,(anonymous_298)
FNDA:1,(anonymous_299)
FNDA:1,(anonymous_300)
FNDA:1,(anonymous_301)
FNDA:1,(anonymous_302)
FNDA:1,(anonymous_303)
FNDA:1,(anonymous_304)
FNDA:1,(anonymous_305)
FNDA:1,(anonymous_306)
FNDA:1,(anonymous_307)
FNDA:1,(anonymous_308)
FNDA:1,(anonymous_309)
FNDA:1,(anonymous_310)
FNDA:1,(anonymous_311)
FNDA:1,(anonymous_312)
FNDA:1,(anonymous_313)
FNDA:1,(anonymous_314)
FNDA:1,(anonymous_315)
FNDA:1,(anonymous_316)
FNDA:1,(anonymous_317)
FNDA:1,(anonymous_318)
FNDA:1,(anonymous_319)
FNDA:1,(anonymous_320)
FNDA:1,(anonymous_321)
FNDA:1,(anonymous_322)
FNDA:1,(anonymous_323)
FNDA:1,(anonymous_324)
FNDA:1,(anonymous_325)
FNDA:1,(anonymous_326)
FNDA:1,(anonymous_327)
FNDA:1,(anonymous_328)
FNDA:1,(anonymous_329)
FNDA:1,(anonymous_330)
FNDA:1,(anonymous_331)
FNDA:1,(anonymous_332)
FNDA:1,(anonymous_333)
FNDA:1,(anonymous_334)
FNDA:1,(anonymous_335)
FNDA:1,(anonymous_336)
FNDA:1,(anonymous_337)
FNDA:1,(anonymous_338)
FNDA:1,(anonymous_339)
FNDA:1,(anonymous_340)
FNDA:1,(anonymous_341)
FNDA:1,(anonymous_342)
FNDA:1,(anonymous_343)
FNDA:1,(anonymous_344)
FNDA:1,(anonymous_345)
FNDA:1,(anonymous_346)
FNDA:1,(anonymous_347)
FNDA:1,(anonymous_348)
FNDA:1,(anonymous_349)
FNDA:1,(anonymous_350)
FNDA:1,(anonymous_351)
FNDA:1,(anonymous_352)
FNDA:1,(anonymous_353)
FNDA:1,(anonymous_354)
FNDA:1,(anonymous_355)
FNDA:1,(anonymous_356)
FNDA:1,(anonymous_357)
FNDA:1,(anonymous_358)
FNDA:1,(anonymous_359)
FNDA:1,(anonymous_360)
FNDA:1,(anonymous_361)
FNDA:1,(anonymous_362)
FNDA:1,(anonymous_363)
FNDA:1,(anonymous_364)
FNDA:1,(anonymous_365)
FNDA:1,(anonymous_366)
FNDA:1,(anonymous_367)
FNDA:1,(anonymous_368)
FNDA:1,(anonymous_369)
FNDA:1,(anonymous_370)
FNDA:1,(anonymous_371)
FNDA:1,(anonymous_372)
FNDA:1,(anonymous_373)
FNDA:1,(anonymous_374)
FNDA:1,(anonymous_375)
FNDA:1,(anonymous_376)
FNDA:1,(anonymous_377)
FNDA:1,(anonymous_378)
FNDA:1,(anonymous_379)
FNDA:1,(anonymous_380)
FNDA:1,(anonymous_381)
FNDA:1,(anonymous_382)
FNDA:1,(anonymous_383)
FNDA:1,(anonymous_384)
FNDA:1,(anonymous_385)
FNDA:1,(anonymous_386)
FNDA:1,(anonymous_387)
FNDA:1,(anonymous_388)
FNDA:1,(anonymous_389)
FNDA:1,(anonymous_390)
FNDA:1,(anonymous_391)
FNDA:1,(anonymous_392)
FNDA:1,(anonymous_393)
FNDA:1,(anonymous_394)
FNDA:1,(anonymous_395)
FNDA:1,(anonymous_396)
FNDA:1,(anonymous_397)
FNDA:1,(anonymous_398)
FNDA:1,(anonymous_399)
FNDA:1,(anonymous_400)
FNDA:1,(anonymous_401)
FNDA:1,(anonymous_402)
FNDA:1,(anonymous_403)
FNDA:1,(anonymous_404)
FNDA:1,(anonymous_405)
FNDA:1,(anonymous_406)
FNDA:1,(anonymous_407)
FNDA:1,(anonymous_408)
FNDA:1,(anonymous_409)
FNDA:1,(anonymous_410)
FNDA:1,(anonymous_411)
FNDA:1,(anonymous_412)
FNDA:1,(anonymous_413)
FNDA:1,(anonymous_414)
FNDA:1,(anonymous_415)
FNDA:1,(anonymous_416)
FNDA:1,(anonymous_417)
FNDA:1,(anonymous_418)
FNDA:1,(anonymous_419)
FNDA:1,(anonymous_420)
FNDA:1,(anonymous_421)
FNDA:1,(anonymous_422)
FNDA:1,(anonymous_423)
FNDA:1,(anonymous_424)
FNDA:1,(anonymous_425)
FNDA:1,(anonymous_426)
FNDA:1,(anonymous_427)
FNDA:1,(anonymous_428)
FNDA:1,(anonymous_429)
DA:2,1
DA:4,0
DA:6,1
DA:7,1
DA:9,0
DA:10,0
DA:15,0
DA:16,0
DA:17,0
DA:18,0
DA:19,0
DA:24,0
DA:25,0
DA:26,0
DA:27,0
DA:29,0
DA:30,0
DA:31,0
DA:32,0
DA:33,0
DA:34,0
DA:36,0
DA:38,0
DA:39,0
DA:40,0
DA:42,0
DA:45,0
DA:47,0
DA:48,0
DA:50,0
DA:53,0
DA:54,0
DA:56,0
DA:57,0
DA:59,0
DA:65,1
DA:67,1
DA:68,1
DA:69,1
DA:72,1
DA:74,1
DA:78,371
DA:79,371
DA:80,370
DA:81,755
DA:82,755
DA:83,386
DA:84,386
DA:87,369
DA:88,369
DA:90,755
DA:91,755
DA:94,0
DA:100,0
DA:102,755
DA:104,370
DA:105,3330
DA:109,449
DA:112,0
DA:116,370
DA:117,3700
DA:122,3330
DA:125,370
DA:126,0
DA:127,0
DA:128,0
DA:129,0
DA:130,0
DA:134,0
DA:135,0
DA:136,0
DA:137,0
DA:139,0
DA:140,0
DA:145,370
DA:146,0
DA:147,0
DA:149,370
DA:154,370
DA:166,69
DA:167,35
DA:168,35
DA:169,0
DA:170,0
DA:171,35
DA:174,0
DA:175,0
DA:176,0
DA:177,0
DA:178,0
DA:181,1
DA:184,0
DA:187,0
DA:188,0
DA:195,0
DA:196,0
DA:199,0
DA:202,0
DA:203,0
DA:209,370
DA:210,370
DA:213,1
DA:214,1
DA:217,0
DA:218,0
DA:219,0
DA:223,1
DA:224,1
DA:225,1
DA:226,1
DA:227,1
DA:234,0
DA:235,0
DA:239,0
DA:240,0
DA:242,0
DA:243,0
DA:244,0
DA:245,0
DA:246,0
DA:247,0
DA:249,0
DA:250,0
DA:251,0
DA:252,0
DA:254,0
DA:255,0
DA:256,0
DA:261,0
DA:262,0
DA:266,0
DA:268,0
DA:273,0
DA:275,0
DA:281,0
DA:282,0
DA:283,0
DA:284,0
DA:285,0
DA:286,0
DA:289,0
DA:290,0
DA:295,0
DA:296,0
DA:298,0
DA:299,0
DA:300,0
DA:305,0
DA:306,0
DA:307,0
DA:308,0
DA:309,0
DA:313,0
DA:315,0
DA:319,0
DA:322,0
DA:326,0
DA:327,0
DA:328,0
DA:329,0
DA:332,0
DA:337,0
DA:338,0
DA:339,0
DA:348,0
DA:349,0
DA:351,0
DA:352,0
DA:357,0
DA:358,0
DA:359,0
DA:360,0
DA:361,0
DA:362,0
DA:363,0
DA:364,0
DA:370,0
DA:371,0
DA:377,0
DA:378,0
DA:379,0
DA:380,0
DA:381,0
DA:382,0
DA:389,0
DA:390,0
DA:391,0
DA:392,0
DA:393,0
DA:394,0
DA:396,0
DA:397,0
DA:398,0
DA:405,0
DA:414,0
DA:415,0
DA:416,0
DA:422,0
DA:423,0
DA:424,0
DA:426,0
DA:427,0
DA:432,0
DA:433,0
DA:434,0
DA:437,0
DA:438,0
DA:440,0
DA:446,0
DA:447,0
DA:448,0
DA:449,0
DA:450,0
DA:451,0
DA:453,0
DA:455,0
DA:456,0
DA:457,0
DA:462,0
DA:464,0
DA:465,0
DA:466,0
DA:473,0
DA:475,0
DA:476,0
DA:477,0
DA:480,0
DA:482,0
DA:483,0
DA:484,0
DA:486,0
DA:487,0
DA:488,0
DA:490,0
DA:492,0
DA:493,0
DA:494,0
DA:496,0
DA:497,0
DA:498,0
DA:499,0
DA:500,0
DA:506,0
DA:507,0
DA:508,0
DA:515,0
DA:516,0
DA:517,0
DA:523,0
DA:524,0
DA:525,0
DA:526,0
DA:532,0
DA:540,0
DA:541,0
DA:542,0
DA:543,0
DA:548,0
DA:549,0
DA:550,0
DA:551,0
DA:552,0
DA:554,0
DA:557,0
DA:558,0
DA:559,0
DA:560,0
DA:562,0
DA:565,0
DA:568,0
DA:571,0
DA:574,0
DA:575,0
DA:576,0
DA:577,0
DA:578,0
DA:579,0
DA:587,0
DA:588,0
DA:591,0
DA:592,0
DA:593,0
DA:594,0
DA:595,0
DA:596,0
DA:597,0
DA:604,0
DA:606,0
DA:609,0
DA:610,0
DA:611,0
DA:616,0
DA:617,0
DA:618,0
DA:621,0
DA:622,0
DA:623,0
DA:624,0
DA:625,0
DA:626,0
DA:627,0
DA:628,0
DA:629,0
DA:630,0
DA:633,0
DA:634,0
DA:635,0
DA:636,0
DA:638,0
DA:639,0
DA:646,0
DA:647,0
DA:656,0
DA:657,0
DA:658,0
DA:659,0
DA:660,0
DA:661,0
DA:663,0
DA:664,0
DA:665,0
DA:667,0
DA:668,0
DA:675,0
DA:676,0
DA:678,0
DA:681,0
DA:682,0
DA:688,0
DA:689,0
DA:696,0
DA:697,0
DA:698,0
DA:701,0
DA:702,0
DA:703,0
DA:708,1
DA:714,756
DA:715,386
DA:718,370
DA:728,370
DA:731,370
DA:734,370
DA:739,1
DA:742,1
DA:745,1
DA:746,230
DA:747,230
DA:752,1
DA:753,219
DA:754,219
DA:756,219
DA:764,1
DA:765,0
DA:766,0
DA:767,0
DA:768,0
DA:769,0
DA:770,0
DA:771,0
DA:772,0
DA:776,1
DA:777,69
DA:778,0
DA:779,1
DA:780,69
DA:781,69
DA:785,230
DA:788,1
DA:791,1
DA:795,1
DA:807,1
DA:818,1
DA:829,1
DA:841,1
DA:853,1
DA:865,1
DA:877,1
DA:889,1
DA:901,1
DA:913,1
DA:925,1
DA:937,1
DA:949,1
DA:961,1
DA:973,1
DA:985,1
DA:997,1
DA:1009,1
DA:1021,1
DA:1033,1
DA:1045,1
DA:1057,1
DA:1069,1
DA:1081,1
DA:1093,1
DA:1105,1
DA:1117,1
DA:1129,1
DA:1141,1
DA:1153,1
DA:1165,1
DA:1177,1
DA:1189,1
DA:1201,1
DA:1213,1
DA:1225,1
DA:1237,1
DA:1249,1
DA:1261,1
DA:1273,1
DA:1285,1
DA:1297,1
DA:1309,1
DA:1321,1
DA:1333,1
DA:1345,1
DA:1357,1
DA:1369,1
DA:1381,1
DA:1393,1
DA:1405,1
DA:1417,1
DA:1429,1
DA:1441,1
DA:1453,1
DA:1465,1
DA:1477,1
DA:1489,1
DA:1501,1
DA:1513,1
DA:1525,1
DA:1537,1
DA:1549,1
DA:1561,1
DA:1573,1
DA:1585,1
DA:1597,1
DA:1609,1
DA:1621,1
DA:1633,1
DA:1645,1
DA:1657,1
DA:1669,1
DA:1681,1
DA:1692,1
DA:1703,1
DA:1714,1
DA:1725,1
DA:1736,1
DA:1747,1
DA:1758,1
DA:1769,1
DA:1780,1
DA:1791,1
DA:1802,1
DA:1813,1
DA:1824,1
DA:1835,0
DA:1846,1
DA:1857,1
DA:1868,1
DA:1879,1
DA:1890,1
DA:1901,1
DA:1912,1
DA:1923,0
DA:1934,1
DA:1945,1
DA:1956,1
DA:1967,1
DA:1979,1
DA:1991,1
DA:2002,1
DA:2013,1
DA:2024,1
DA:2035,1
DA:2046,1
DA:2057,1
DA:2068,1
DA:2079,1
DA:2090,1
DA:2101,1
DA:2112,1
DA:2123,1
DA:2134,1
DA:2145,1
DA:2156,1
DA:2167,1
DA:2178,1
DA:2189,1
DA:2200,1
DA:2211,1
DA:2222,1
DA:2233,1
DA:2244,1
DA:2255,1
DA:2266,1
DA:2277,1
DA:2288,1
DA:2299,1
DA:2310,1
DA:2321,1
DA:2332,1
DA:2344,1
DA:2355,1
DA:2366,1
DA:2378,1
DA:2390,1
DA:2401,1
DA:2412,1
DA:2423,1
DA:2434,1
DA:2445,1
DA:2457,1
DA:2468,1
DA:2479,1
DA:2490,1
DA:2501,1
DA:2512,1
DA:2523,1
DA:2534,1
DA:2545,1
DA:2556,0
DA:2567,1
DA:2578,1
DA:2589,1
DA:2600,1
DA:2612,1
DA:2624,1
DA:2635,1
DA:2646,1
DA:2657,1
DA:2668,1
DA:2679,0
DA:2690,1
DA:2701,1
DA:2712,1
DA:2723,1
DA:2734,1
DA:2746,1
DA:2758,1
DA:2769,1
DA:2780,1
DA:2791,1
DA:2802,1
DA:2813,1
DA:2824,1
DA:2835,1
DA:2846,1
DA:2857,1
DA:2868,1
DA:2879,1
DA:2890,1
DA:2901,1
DA:2912,1
DA:2924,1
DA:2936,1
DA:2947,1
DA:2958,1
DA:2970,1
DA:2981,1
DA:2992,1
DA:3003,1
DA:3014,1
DA:3025,1
DA:3036,1
DA:3047,1
DA:3058,1
DA:3069,1
DA:3080,1
DA:3091,1
DA:3102,1
DA:3113,1
DA:3124,1
DA:3135,1
DA:3146,1
DA:3158,1
DA:3169,1
DA:3181,1
DA:3192,1
DA:3204,1
DA:3215,1
DA:3227,1
DA:3239,1
DA:3251,1
DA:3263,1
DA:3275,1
DA:3287,1
DA:3299,1
DA:3310,1
DA:3321,1
DA:3332,1
DA:3343,0
DA:3354,1
DA:3365,1
DA:3377,1
DA:3388,1
DA:3400,1
DA:3412,1
DA:3424,1
DA:3435,1
DA:3447,1
DA:3459,1
DA:3471,1
DA:3483,1
DA:3495,1
DA:3507,1
DA:3519,1
DA:3531,1
DA:3543,1
DA:3555,1
DA:3567,1
DA:3579,1
DA:3591,1
DA:3603,1
DA:3615,1
DA:3627,1
DA:3639,1
DA:3651,1
DA:3663,1
DA:3675,1
DA:3687,1
DA:3699,1
DA:3711,1
DA:3723,1
DA:3735,1
DA:3747,1
DA:3759,1
DA:3771,1
DA:3783,1
DA:3795,1
DA:3807,1
DA:3819,1
DA:3831,1
DA:3843,1
DA:3855,1
DA:3867,1
DA:3879,1
DA:3891,1
DA:3903,1
DA:3915,1
DA:3927,1
DA:3939,1
DA:3951,1
DA:3963,1
DA:3975,1
DA:3987,1
DA:3999,1
DA:4011,1
DA:4023,1
DA:4035,1
DA:4047,1
DA:4059,1
DA:4071,1
DA:4083,1
DA:4095,1
DA:4107,1
DA:4119,1
DA:4131,1
DA:4143,1
DA:4155,1
DA:4167,1
DA:4179,1
DA:4191,1
DA:4203,1
DA:4215,1
DA:4227,1
DA:4239,1
DA:4251,1
DA:4263,1
DA:4275,1
DA:4287,1
DA:4299,1
DA:4311,1
DA:4323,1
DA:4335,1
DA:4347,1
DA:4359,1
DA:4371,1
DA:4383,1
DA:4395,1
DA:4407,1
DA:4419,1
DA:4431,1
DA:4443,1
DA:4455,1
DA:4467,1
DA:4479,1
DA:4491,1
DA:4503,1
DA:4515,1
DA:4527,1
DA:4539,1
DA:4551,1
DA:4563,1
DA:4575,1
DA:4587,1
DA:4599,1
DA:4611,1
DA:4623,1
DA:4635,1
DA:4647,1
DA:4659,1
DA:4671,1
DA:4683,1
DA:4695,1
DA:4707,1
DA:4719,1
DA:4731,1
DA:4743,1
DA:4755,1
DA:4767,1
DA:4779,1
DA:4791,1
DA:4803,1
DA:4815,1
DA:4827,1
DA:4839,1
DA:4851,1
DA:4863,1
DA:4875,1
DA:4887,1
DA:4899,1
DA:4911,1
DA:4923,1
DA:4935,1
DA:4947,1
DA:4959,1
DA:4971,1
DA:4983,1
DA:4995,1
DA:5007,1
DA:5019,1
DA:5031,1
DA:5043,1
DA:5055,1
DA:5067,1
DA:5079,1
DA:5091,1
DA:5103,1
DA:5115,1
DA:5127,1
DA:5139,1
DA:5151,1
DA:5163,1
LF:746
LH:441
BRDA:6,0,0,1
BRDA:6,0,1,0
BRDA:7,1,0,1
BRDA:7,1,1,0
BRDA:10,2,0,0
BRDA:10,2,1,0
BRDA:18,3,0,0
BRDA:18,3,1,0
BRDA:24,4,0,0
BRDA:24,4,1,0
BRDA:26,5,0,0
BRDA:26,5,1,0
BRDA:39,6,0,0
BRDA:39,6,1,0
BRDA:40,7,0,0
BRDA:40,7,1,0
BRDA:45,8,0,0
BRDA:45,8,1,0
BRDA:48,9,0,0
BRDA:48,9,1,0
BRDA:48,10,0,0
BRDA:48,10,1,0
BRDA:79,11,0,1
BRDA:79,11,1,370
BRDA:81,12,0,755
BRDA:81,12,1,0
BRDA:82,13,0,386
BRDA:82,13,1,369
BRDA:83,14,0,386
BRDA:83,14,1,0
BRDA:90,15,0,755
BRDA:90,15,1,0
BRDA:117,16,0,3330
BRDA:117,16,1,370
BRDA:118,17,0,3700
BRDA:118,17,1,3700
BRDA:118,17,2,3700
BRDA:126,18,0,0
BRDA:126,18,1,0
BRDA:135,19,0,0
BRDA:135,19,1,0
BRDA:136,20,0,0
BRDA:136,20,1,0
BRDA:139,21,0,0
BRDA:139,21,1,0
BRDA:139,22,0,0
BRDA:139,22,1,0
BRDA:146,23,0,0
BRDA:146,23,1,0
BRDA:166,24,0,34
BRDA:166,24,1,35
BRDA:167,25,0,0
BRDA:167,25,1,35
BRDA:168,26,0,0
BRDA:168,26,1,35
BRDA:170,27,0,0
BRDA:170,27,1,0
BRDA:171,28,0,35
BRDA:171,28,1,0
BRDA:174,29,0,0
BRDA:174,29,1,0
BRDA:175,30,0,0
BRDA:175,30,1,0
BRDA:188,31,0,0
BRDA:188,31,1,0
BRDA:195,32,0,0
BRDA:195,32,1,0
BRDA:203,33,0,0
BRDA:203,33,1,0
BRDA:235,34,0,0
BRDA:235,34,1,0
BRDA:239,35,0,0
BRDA:239,35,1,0
BRDA:245,36,0,0
BRDA:245,36,1,0
BRDA:268,37,0,0
BRDA:268,37,1,0
BRDA:269,38,0,0
BRDA:269,38,1,0
BRDA:269,38,2,0
BRDA:281,39,0,0
BRDA:281,39,1,0
BRDA:281,40,0,0
BRDA:281,40,1,0
BRDA:285,41,0,0
BRDA:285,41,1,0
BRDA:289,42,0,0
BRDA:289,42,1,0
BRDA:289,43,0,0
BRDA:289,43,1,0
BRDA:295,44,0,0
BRDA:295,44,1,0
BRDA:308,45,0,0
BRDA:308,45,1,0
BRDA:309,46,0,0
BRDA:309,46,1,0
BRDA:328,47,0,0
BRDA:328,47,1,0
BRDA:337,48,0,0
BRDA:337,48,1,0
BRDA:339,49,0,0
BRDA:339,49,1,0
BRDA:362,50,0,0
BRDA:362,50,1,0
BRDA:362,51,0,0
BRDA:362,51,1,0
BRDA:363,52,0,0
BRDA:363,52,1,0
BRDA:370,53,0,0
BRDA:370,53,1,0
BRDA:380,54,0,0
BRDA:380,54,1,0
BRDA:381,55,0,0
BRDA:381,55,1,0
BRDA:389,56,0,0
BRDA:389,56,1,0
BRDA:390,57,0,0
BRDA:390,57,1,0
BRDA:391,58,0,0
BRDA:391,58,1,0
BRDA:416,59,0,0
BRDA:416,59,1,0
BRDA:433,60,0,0
BRDA:433,60,1,0
BRDA:437,61,0,0
BRDA:437,61,1,0
BRDA:450,62,0,0
BRDA:450,62,1,0
BRDA:453,63,0,0
BRDA:453,63,1,0
BRDA:453,63,2,0
BRDA:453,63,3,0
BRDA:453,63,4,0
BRDA:453,63,5,0
BRDA:455,64,0,0
BRDA:455,64,1,0
BRDA:456,65,0,0
BRDA:456,65,1,0
BRDA:464,66,0,0
BRDA:464,66,1,0
BRDA:465,67,0,0
BRDA:465,67,1,0
BRDA:475,68,0,0
BRDA:475,68,1,0
BRDA:476,69,0,0
BRDA:476,69,1,0
BRDA:482,70,0,0
BRDA:482,70,1,0
BRDA:486,71,0,0
BRDA:486,71,1,0
BRDA:492,72,0,0
BRDA:492,72,1,0
BRDA:496,73,0,0
BRDA:496,73,1,0
BRDA:500,74,0,0
BRDA:500,74,1,0
BRDA:506,75,0,0
BRDA:506,75,1,0
BRDA:515,76,0,0
BRDA:515,76,1,0
BRDA:526,77,0,0
BRDA:526,77,1,0
BRDA:527,78,0,0
BRDA:527,78,1,0
BRDA:527,78,2,0
BRDA:542,79,0,0
BRDA:542,79,1,0
BRDA:552,80,0,0
BRDA:552,80,1,0
BRDA:576,81,0,0
BRDA:576,81,1,0
BRDA:578,82,0,0
BRDA:578,82,1,0
BRDA:588,83,0,0
BRDA:588,83,1,0
BRDA:592,84,0,0
BRDA:592,84,1,0
BRDA:597,85,0,0
BRDA:597,85,1,0
BRDA:610,86,0,0
BRDA:610,86,1,0
BRDA:618,87,0,0
BRDA:618,87,1,0
BRDA:622,88,0,0
BRDA:622,88,1,0
BRDA:628,89,0,0
BRDA:628,89,1,0
BRDA:629,90,0,0
BRDA:629,90,1,0
BRDA:638,91,0,0
BRDA:638,91,1,0
BRDA:646,92,0,0
BRDA:646,92,1,0
BRDA:647,93,0,0
BRDA:647,93,1,0
BRDA:663,94,0,0
BRDA:663,94,1,0
BRDA:667,95,0,0
BRDA:667,95,1,0
BRDA:675,96,0,0
BRDA:675,96,1,0
BRDA:676,97,0,0
BRDA:676,97,1,0
BRDA:678,98,0,0
BRDA:678,98,1,0
BRDA:681,99,0,0
BRDA:681,99,1,0
BRDA:688,100,0,0
BRDA:688,100,1,0
BRDA:689,101,0,0
BRDA:689,101,1,0
BRDA:696,102,0,0
BRDA:696,102,1,0
BRDA:714,103,0,386
BRDA:714,103,1,370
BRDA:746,104,0,230
BRDA:746,104,1,0
BRDA:753,105,0,219
BRDA:753,105,1,0
BRDA:753,106,0,219
BRDA:753,106,1,219
BRDA:765,107,0,0
BRDA:765,107,1,0
BRDA:766,108,0,0
BRDA:766,108,1,0
BRDA:767,109,0,0
BRDA:767,109,1,0
BRDA:767,110,0,0
BRDA:767,110,1,0
BRDA:767,110,2,0
BRDA:767,110,3,0
BRDA:771,111,0,0
BRDA:771,111,1,0
BRDA:771,112,0,0
BRDA:771,112,1,0
BRDA:777,113,0,0
BRDA:777,113,1,69
BRDA:777,114,0,69
BRDA:777,114,1,69
BRF:239
BRH:28
end_of_record
